SF:/Users/wahabsyed/Projects/lab/src/Lab/Person.cs
FN:35,System.Int64 Lab.Person::get_Id()
FNDA:9,System.Int64 Lab.Person::get_Id()
DA:36,9
FN:40,System.String Lab.Person::get_FirstName()
FNDA:9,System.String Lab.Person::get_FirstName()
DA:41,9
FN:42,System.Void Lab.Person::set_FirstName(System.String)
FNDA:2,System.Void Lab.Person::set_FirstName(System.String)
DA:43,2
DA:44,2
DA:45,1
DA:46,1
DA:47,1
BRDA:44,9,0,1
BRDA:44,9,1,1
FN:51,System.String Lab.Person::get_LastName()
FNDA:9,System.String Lab.Person::get_LastName()
DA:52,9
FN:53,System.Void Lab.Person::set_LastName(System.String)
FNDA:2,System.Void Lab.Person::set_LastName(System.String)
DA:54,2
DA:55,2
DA:56,1
DA:57,1
DA:58,1
BRDA:55,9,0,1
BRDA:55,9,1,1
FN:9,System.Void Lab.Person::.ctor(System.Int64)
FNDA:6,System.Void Lab.Person::.ctor(System.Int64)
DA:10,6
DA:11,6
DA:13,6
DA:14,2
DA:15,4
DA:16,4
BRDA:13,9,0,5
BRDA:13,9,1,1
BRDA:13,21,0,2
BRDA:13,21,1,4
FN:17,System.Void Lab.Person::.ctor(System.Int64,System.String,System.String)
FNDA:10,System.Void Lab.Person::.ctor(System.Int64,System.String,System.String)
DA:18,10
DA:19,10
DA:21,10
DA:22,2
DA:23,8
DA:25,8
DA:26,1
DA:27,7
DA:29,7
DA:30,1
DA:31,6
DA:32,6
BRDA:21,9,0,9
BRDA:21,9,1,1
BRDA:21,21,0,2
BRDA:21,21,1,8
BRDA:25,54,0,1
BRDA:25,54,1,7
BRDA:29,82,0,1
BRDA:29,82,1,6
LF:31
LH:31
BRF:16
BRH:16
FNF:7
FNH:7
end_of_record
SF:/Users/wahabsyed/Projects/lab/src/Lab/Student.cs
FN:23,System.Single Lab.Student::get_GPA()
FNDA:3,System.Single Lab.Student::get_GPA()
DA:24,3
DA:25,3
DA:26,2
DA:28,2
DA:29,9
DA:30,3
DA:31,3
DA:32,3
DA:33,1
DA:34,3
BRDA:25,17,0,2
BRDA:25,17,1,1
BRDA:29,89,1,3
BRDA:29,89,0,1
FN:37,System.Void Lab.Student::AddGrade(System.Int32)
FNDA:4,System.Void Lab.Student::AddGrade(System.Int32)
DA:38,4
DA:39,4
DA:40,1
DA:41,3
DA:42,3
BRDA:39,3,0,3
BRDA:39,3,1,1
BRDA:39,15,0,1
BRDA:39,15,1,3
FN:44,System.String Lab.Student::ToString()
FNDA:1,System.String Lab.Student::ToString()
DA:45,1
DA:46,1
DA:47,1
FN:10,System.Void Lab.Student::.ctor(System.Int64)
FNDA:1,System.Void Lab.Student::.ctor(System.Int64)
DA:11,1
DA:12,1
DA:13,1
DA:14,1
FN:15,System.Void Lab.Student::.ctor(System.Int64,System.String,System.String)
FNDA:3,System.Void Lab.Student::.ctor(System.Int64,System.String,System.String)
DA:16,3
DA:17,3
DA:18,3
DA:19,3
LF:26
LH:26
BRF:8
BRH:8
FNF:5
FNH:5
end_of_record